Thu 18 Apr 2024 22:11:30 INFO main.py 258 Namespace(activation='relu', alpha=0.5, batch=64, concat_hidden=False, data='imdb-multi', debug=0, decoder='gat', device='cuda:0', dis_activation='leakyrelu', dis_attn_drop=0, dis_feat_drop=0, dis_hidden_dim=1024, dis_layers=1, dis_mask_rate=0, dis_optimizer='rmsprop', dis_type='gat', drop_edge_rate=0, encoder='gat', epochs=50, gen_attn_drop=0.2, gen_feat_drop=0.6, gen_hidden_dim=1024, gen_layers=1, gen_optimizer='adam', heads=8, hidden_dim=64, lr=0.001, mask_rate=0.3, mean_encoder_type='mlp', model_path='model_save/', negative_slope=0.2, norm=None, num_out_heads=8, pooling='mean', repeats=3, replace_rate=0, residual=1, sample_strategy='rw', subgraphs=640, task='gc', use_cfg=True, var_encoder_type='mlp', weight_decay=1e-05)
Thu 18 Apr 2024 22:11:30 INFO main.py 260 data:imdb-multi
Thu 18 Apr 2024 22:11:30 INFO main.py 260 model_path:model_save/
Thu 18 Apr 2024 22:11:30 INFO main.py 260 gen_layers:1
Thu 18 Apr 2024 22:11:30 INFO main.py 260 gen_hidden_dim:1024
Thu 18 Apr 2024 22:11:30 INFO main.py 260 heads:8
Thu 18 Apr 2024 22:11:30 INFO main.py 260 num_out_heads:8
Thu 18 Apr 2024 22:11:30 INFO main.py 260 activation:relu
Thu 18 Apr 2024 22:11:30 INFO main.py 260 gen_feat_drop:0.6
Thu 18 Apr 2024 22:11:30 INFO main.py 260 gen_attn_drop:0.2
Thu 18 Apr 2024 22:11:30 INFO main.py 260 negative_slope:0.2
Thu 18 Apr 2024 22:11:30 INFO main.py 260 residual:1
Thu 18 Apr 2024 22:11:30 INFO main.py 260 encoder:gat
Thu 18 Apr 2024 22:11:30 INFO main.py 260 decoder:gat
Thu 18 Apr 2024 22:11:30 INFO main.py 260 mean_encoder_type:mlp
Thu 18 Apr 2024 22:11:30 INFO main.py 260 var_encoder_type:mlp
Thu 18 Apr 2024 22:11:30 INFO main.py 260 mask_rate:0.3
Thu 18 Apr 2024 22:11:30 INFO main.py 260 norm:None
Thu 18 Apr 2024 22:11:30 INFO main.py 260 drop_edge_rate:0
Thu 18 Apr 2024 22:11:30 INFO main.py 260 replace_rate:0
Thu 18 Apr 2024 22:11:30 INFO main.py 260 concat_hidden:False
Thu 18 Apr 2024 22:11:30 INFO main.py 260 gen_optimizer:adam
Thu 18 Apr 2024 22:11:30 INFO main.py 260 dis_optimizer:rmsprop
Thu 18 Apr 2024 22:11:30 INFO main.py 260 dis_layers:1
Thu 18 Apr 2024 22:11:30 INFO main.py 260 dis_hidden_dim:1024
Thu 18 Apr 2024 22:11:30 INFO main.py 260 dis_feat_drop:0
Thu 18 Apr 2024 22:11:30 INFO main.py 260 dis_attn_drop:0
Thu 18 Apr 2024 22:11:30 INFO main.py 260 dis_type:gat
Thu 18 Apr 2024 22:11:30 INFO main.py 260 dis_mask_rate:0
Thu 18 Apr 2024 22:11:30 INFO main.py 260 dis_activation:leakyrelu
Thu 18 Apr 2024 22:11:30 INFO main.py 260 hidden_dim:64
Thu 18 Apr 2024 22:11:30 INFO main.py 260 lr:0.001
Thu 18 Apr 2024 22:11:30 INFO main.py 260 subgraphs:640
Thu 18 Apr 2024 22:11:30 INFO main.py 260 sample_strategy:rw
Thu 18 Apr 2024 22:11:30 INFO main.py 260 batch:64
Thu 18 Apr 2024 22:11:30 INFO main.py 260 epochs:50
Thu 18 Apr 2024 22:11:30 INFO main.py 260 task:gc
Thu 18 Apr 2024 22:11:30 INFO main.py 260 debug:0
Thu 18 Apr 2024 22:11:30 INFO main.py 260 weight_decay:1e-05
Thu 18 Apr 2024 22:11:30 INFO main.py 260 alpha:0.5
Thu 18 Apr 2024 22:11:30 INFO main.py 260 pooling:mean
Thu 18 Apr 2024 22:11:30 INFO main.py 260 use_cfg:True
Thu 18 Apr 2024 22:11:30 INFO main.py 260 repeats:3
Thu 18 Apr 2024 22:11:30 INFO main.py 260 device:cuda:0
