Thu 18 Apr 2024 22:13:48 INFO main.py 251 Namespace(activation='relu', alpha=0.5, batch=64, concat_hidden=False, data='imdb-multi', debug=1, decoder='gat', device='cuda:0', dis_activation='leakyrelu', dis_attn_drop=0, dis_feat_drop=0, dis_hidden_dim=1024, dis_layers=1, dis_mask_rate=0, dis_optimizer='rmsprop', dis_type='gat', drop_edge_rate=0, encoder='gat', epochs=50, gen_attn_drop=0.2, gen_feat_drop=0.6, gen_hidden_dim=1024, gen_layers=1, gen_optimizer='adam', heads=8, hidden_dim=64, lr=0.001, mask_rate=0.3, mean_encoder_type='mlp', model_path='model_save/', negative_slope=0.2, norm=None, num_out_heads=8, pooling='mean', repeats=3, replace_rate=0, residual=1, sample_strategy='rw', subgraphs=640, task='gc', use_cfg=True, var_encoder_type='mlp', weight_decay=1e-05)
Thu 18 Apr 2024 22:13:48 INFO main.py 253 data:imdb-multi
Thu 18 Apr 2024 22:13:48 INFO main.py 253 model_path:model_save/
Thu 18 Apr 2024 22:13:48 INFO main.py 253 gen_layers:1
Thu 18 Apr 2024 22:13:48 INFO main.py 253 gen_hidden_dim:1024
Thu 18 Apr 2024 22:13:48 INFO main.py 253 heads:8
Thu 18 Apr 2024 22:13:48 INFO main.py 253 num_out_heads:8
Thu 18 Apr 2024 22:13:48 INFO main.py 253 activation:relu
Thu 18 Apr 2024 22:13:48 INFO main.py 253 gen_feat_drop:0.6
Thu 18 Apr 2024 22:13:48 INFO main.py 253 gen_attn_drop:0.2
Thu 18 Apr 2024 22:13:48 INFO main.py 253 negative_slope:0.2
Thu 18 Apr 2024 22:13:48 INFO main.py 253 residual:1
Thu 18 Apr 2024 22:13:48 INFO main.py 253 encoder:gat
Thu 18 Apr 2024 22:13:48 INFO main.py 253 decoder:gat
Thu 18 Apr 2024 22:13:48 INFO main.py 253 mean_encoder_type:mlp
Thu 18 Apr 2024 22:13:48 INFO main.py 253 var_encoder_type:mlp
Thu 18 Apr 2024 22:13:48 INFO main.py 253 mask_rate:0.3
Thu 18 Apr 2024 22:13:48 INFO main.py 253 norm:None
Thu 18 Apr 2024 22:13:48 INFO main.py 253 drop_edge_rate:0
Thu 18 Apr 2024 22:13:48 INFO main.py 253 replace_rate:0
Thu 18 Apr 2024 22:13:48 INFO main.py 253 concat_hidden:False
Thu 18 Apr 2024 22:13:48 INFO main.py 253 gen_optimizer:adam
Thu 18 Apr 2024 22:13:48 INFO main.py 253 dis_optimizer:rmsprop
Thu 18 Apr 2024 22:13:48 INFO main.py 253 dis_layers:1
Thu 18 Apr 2024 22:13:48 INFO main.py 253 dis_hidden_dim:1024
Thu 18 Apr 2024 22:13:48 INFO main.py 253 dis_feat_drop:0
Thu 18 Apr 2024 22:13:48 INFO main.py 253 dis_attn_drop:0
Thu 18 Apr 2024 22:13:48 INFO main.py 253 dis_type:gat
Thu 18 Apr 2024 22:13:48 INFO main.py 253 dis_mask_rate:0
Thu 18 Apr 2024 22:13:48 INFO main.py 253 dis_activation:leakyrelu
Thu 18 Apr 2024 22:13:48 INFO main.py 253 hidden_dim:64
Thu 18 Apr 2024 22:13:48 INFO main.py 253 lr:0.001
Thu 18 Apr 2024 22:13:48 INFO main.py 253 subgraphs:640
Thu 18 Apr 2024 22:13:48 INFO main.py 253 sample_strategy:rw
Thu 18 Apr 2024 22:13:48 INFO main.py 253 batch:64
Thu 18 Apr 2024 22:13:48 INFO main.py 253 epochs:50
Thu 18 Apr 2024 22:13:48 INFO main.py 253 task:gc
Thu 18 Apr 2024 22:13:48 INFO main.py 253 debug:1
Thu 18 Apr 2024 22:13:48 INFO main.py 253 weight_decay:1e-05
Thu 18 Apr 2024 22:13:48 INFO main.py 253 alpha:0.5
Thu 18 Apr 2024 22:13:48 INFO main.py 253 pooling:mean
Thu 18 Apr 2024 22:13:48 INFO main.py 253 use_cfg:True
Thu 18 Apr 2024 22:13:48 INFO main.py 253 repeats:3
Thu 18 Apr 2024 22:13:48 INFO main.py 253 device:cuda:0
Thu 18 Apr 2024 22:49:51 INFO main.py 264 {'acc_mean': 0.50489, 'acc_std': 0.00382}
